20230615T051616.233576906 1686806176.233576906 START
20230615T051616.234753732 1686806176.234753732 CACAO_FPSPROC_SIMMVMGPU = OFF
20230615T051616.235727899 1686806176.235727899 CACAO_FPSPROC_WFSCAMSIM = OFF
20230615T051616.236681729 1686806176.236681729 CACAO_FPSPROC_MLAT = OFF
20230615T051616.237816872 1686806176.237816872 OFF CACAO_FPSPROC_MAPWFS
20230615T051616.239069375 1686806176.239069375 OFF CACAO_FPSPROC_ACQUWFS
20230615T051616.240712906 1686806176.240712906 OFF CACAO_FPSPROC_ACQLINZRM
20230615T051616.242601719 1686806176.242601719 OFF CACAO_FPSPROC_ACQWFSLINCALZ
20230615T051616.244411906 1686806176.244411906 OFF CACAO_FPSPROC_ACQLINLORM
20230615T051616.246084944 1686806176.246084944 OFF CACAO_FPSPROC_COMPFCM
20230615T051616.247697638 1686806176.247697638 OFF CACAO_FPSPROC_COMPFCM
20230615T051616.249458657 1686806176.249458657 OFF CACAO_FPSPROC_COMPSCM
20230615T051616.251258041 1686806176.251258041 OFF CACAO_FPSPROC_MODESEXTRACTWFSGPU
20230615T051616.252941477 1686806176.252941477 OFF CACAO_FPSPROC_AOLOOP_RUN
20230615T051616.254850186 1686806176.254850186 OFF CACAO_FPSPROC_MVM_WFS2CMODEVAL
20230615T051616.256717020 1686806176.256717020 OFF CACAO_FPSPROC_MODALFILTERING
20230615T051616.258903689 1686806176.258903689 OFF CACAO_FPSPROC_MVM_ZPO
20230615T051616.261109129 1686806176.261109129 OFF CACAO_FPSPROC_MODALCTRL_STATS
20230615T051616.263336364 1686806176.263336364 OFF CACAO_FPSPROC_MVM_WFS2CMODEVAL
20230615T051616.265589458 1686806176.265589458 OFF CACAO_FPSPROC_MVMGPU_OLMODEVAL2DM
20230615T051616.268222936 1686806176.268222936 OFF CACAO_FPSPROC_MVMGPU_WFSMODEVAL2DM
20230615T051616.270417703 1686806176.270417703 CACAO_FPSPROC_CMDMCOMB = OFF
20230615T051616.272544085 1686806176.272544085 OFF CACAO_FPSPROC_ACQLINCMRM
20230615T051616.275864121 1686806176.275864121 OFF CACAO_FPSPROC_DMATMTURB
20230615T051616.278556552 1686806176.278556552 OFF  CACAO_FPSPROC_DMCH2DISP
20230615T051616.282595913 1686806176.282595913 END
